<?xml version="1.0" encoding="UTF-8"?>
<checkstyle version="8.37">
<file name="/home/runner/work/code-grader/code-grader/src/main/java/edu/odu/cs/zeil/codegrader/Assignment.java">
</file>
<file name="/home/runner/work/code-grader/code-grader/src/main/java/edu/odu/cs/zeil/codegrader/FileUtils.java">
<error line="37" severity="warning" message="Line is longer than 80 characters (found 104)." source="com.puppycrawl.tools.checkstyle.checks.sizes.LineLengthCheck"/>
</file>
<file name="/home/runner/work/code-grader/code-grader/src/main/java/edu/odu/cs/zeil/codegrader/Logging.java">
<error line="12" column="1" severity="warning" message="Utility classes should not have a public or default constructor." source="com.puppycrawl.tools.checkstyle.checks.design.HideUtilityClassConstructorCheck"/>
<error line="13" column="12" severity="warning" message="&apos;private&apos; modifier out of order with the JLS suggestions." source="com.puppycrawl.tools.checkstyle.checks.modifier.ModifierOrderCheck"/>
<error line="14" column="12" severity="warning" message="&apos;private&apos; modifier out of order with the JLS suggestions." source="com.puppycrawl.tools.checkstyle.checks.modifier.ModifierOrderCheck"/>
<error line="16" column="5" severity="warning" message="Missing a Javadoc comment." source="com.puppycrawl.tools.checkstyle.checks.javadoc.MissingJavadocMethodCheck"/>
<error line="16" column="12" severity="warning" message="&apos;public&apos; modifier out of order with the JLS suggestions." source="com.puppycrawl.tools.checkstyle.checks.modifier.ModifierOrderCheck"/>
</file>
<file name="/home/runner/work/code-grader/code-grader/src/main/java/edu/odu/cs/zeil/codegrader/OracleProperties.java">
<error line="18" column="29" severity="warning" message="Variable &apos;oracle&apos; must be private and have accessor methods." source="com.puppycrawl.tools.checkstyle.checks.design.VisibilityModifierCheck"/>
<error line="24" column="24" severity="warning" message="Variable &apos;cap&apos; must be private and have accessor methods." source="com.puppycrawl.tools.checkstyle.checks.design.VisibilityModifierCheck"/>
<error line="32" column="30" severity="warning" message="Variable &apos;ws&apos; must be private and have accessor methods." source="com.puppycrawl.tools.checkstyle.checks.design.VisibilityModifierCheck"/>
<error line="42" column="30" severity="warning" message="Variable &apos;caseSig&apos; must be private and have accessor methods." source="com.puppycrawl.tools.checkstyle.checks.design.VisibilityModifierCheck"/>
<error line="48" column="30" severity="warning" message="&apos;100&apos; is a magic number." source="com.puppycrawl.tools.checkstyle.checks.coding.MagicNumberCheck"/>
</file>
<file name="/home/runner/work/code-grader/code-grader/src/main/java/edu/odu/cs/zeil/codegrader/Submission.java">
<error line="18" column="8" severity="warning" message="Unused @param tag for &apos;testDirectory&apos;." source="com.puppycrawl.tools.checkstyle.checks.javadoc.JavadocMethodCheck"/>
<error line="20" column="23" severity="warning" message="&apos;(&apos; is preceded with whitespace." source="com.puppycrawl.tools.checkstyle.checks.whitespace.MethodParamPadCheck"/>
<error line="20" column="35" severity="warning" message="&apos;assignment&apos; hides a field." source="com.puppycrawl.tools.checkstyle.checks.coding.HiddenFieldCheck"/>
<error line="20" column="35" severity="warning" message="Expected @param tag for &apos;assignment&apos;." source="com.puppycrawl.tools.checkstyle.checks.javadoc.JavadocMethodCheck"/>
<error line="20" column="54" severity="warning" message="&apos;submittedBy&apos; hides a field." source="com.puppycrawl.tools.checkstyle.checks.coding.HiddenFieldCheck"/>
<error line="20" column="54" severity="warning" message="Expected @param tag for &apos;submittedBy&apos;." source="com.puppycrawl.tools.checkstyle.checks.javadoc.JavadocMethodCheck"/>
<error line="51" column="5" severity="warning" message="&apos;{&apos; at column 5 should be on the previous line." source="com.puppycrawl.tools.checkstyle.checks.blocks.LeftCurlyCheck"/>
</file>
<file name="/home/runner/work/code-grader/code-grader/src/main/java/edu/odu/cs/zeil/codegrader/TestCase.java">
<error line="79" column="24" severity="warning" message="Variable &apos;finished&apos; must be private and have accessor methods." source="com.puppycrawl.tools.checkstyle.checks.design.VisibilityModifierCheck"/>
<error line="84" column="24" severity="warning" message="Variable &apos;forceStop&apos; must be private and have accessor methods." source="com.puppycrawl.tools.checkstyle.checks.design.VisibilityModifierCheck"/>
</file>
<file name="/home/runner/work/code-grader/code-grader/src/main/java/edu/odu/cs/zeil/codegrader/TestCaseProperties.java">
</file>
<file name="/home/runner/work/code-grader/code-grader/src/main/java/edu/odu/cs/zeil/codegrader/TestCasePropertiesBase.java">
<error line="39" column="29" severity="warning" message="Variable &apos;params&apos; must be private and have accessor methods." source="com.puppycrawl.tools.checkstyle.checks.design.VisibilityModifierCheck"/>
<error line="44" column="24" severity="warning" message="Variable &apos;points&apos; must be private and have accessor methods." source="com.puppycrawl.tools.checkstyle.checks.design.VisibilityModifierCheck"/>
<error line="49" column="29" severity="warning" message="Variable &apos;launch&apos; must be private and have accessor methods." source="com.puppycrawl.tools.checkstyle.checks.design.VisibilityModifierCheck"/>
<error line="55" column="29" severity="warning" message="Variable &apos;expected&apos; must be private and have accessor methods." source="com.puppycrawl.tools.checkstyle.checks.design.VisibilityModifierCheck"/>
<error line="62" column="24" severity="warning" message="Variable &apos;timelimit&apos; must be private and have accessor methods." source="com.puppycrawl.tools.checkstyle.checks.design.VisibilityModifierCheck"/>
<error line="68" column="30" severity="warning" message="Variable &apos;stderr&apos; must be private and have accessor methods." source="com.puppycrawl.tools.checkstyle.checks.design.VisibilityModifierCheck"/>
<error line="73" column="35" severity="warning" message="Variable &apos;grading&apos; must be private and have accessor methods." source="com.puppycrawl.tools.checkstyle.checks.design.VisibilityModifierCheck"/>
</file>
<file name="/home/runner/work/code-grader/code-grader/src/main/java/edu/odu/cs/zeil/codegrader/TestConfigurationError.java">
</file>
<file name="/home/runner/work/code-grader/code-grader/src/main/java/edu/odu/cs/zeil/codegrader/TestSuite.java">
<error line="6" column="24" severity="warning" message="Variable &apos;properties&apos; must be private and have accessor methods." source="com.puppycrawl.tools.checkstyle.checks.design.VisibilityModifierCheck"/>
<error line="9" column="5" severity="warning" message="Missing a Javadoc comment." source="com.puppycrawl.tools.checkstyle.checks.javadoc.MissingJavadocMethodCheck"/>
<error line="13" column="5" severity="warning" message="Missing a Javadoc comment." source="com.puppycrawl.tools.checkstyle.checks.javadoc.MissingJavadocMethodCheck"/>
<error line="17" column="5" severity="warning" message="Class &apos;TestSuite&apos; looks like designed for extension (can be subclassed), but the method &apos;getOutput&apos; does not have javadoc that explains how to do that safely. If class is not designed for extension consider making the class &apos;TestSuite&apos; final or making the method &apos;getOutput&apos; static/final/abstract/empty, or adding allowed annotation for the method." source="com.puppycrawl.tools.checkstyle.checks.design.DesignForExtensionCheck"/>
<error line="17" column="5" severity="warning" message="Missing a Javadoc comment." source="com.puppycrawl.tools.checkstyle.checks.javadoc.MissingJavadocMethodCheck"/>
<error line="21" column="5" severity="warning" message="Class &apos;TestSuite&apos; looks like designed for extension (can be subclassed), but the method &apos;getErr&apos; does not have javadoc that explains how to do that safely. If class is not designed for extension consider making the class &apos;TestSuite&apos; final or making the method &apos;getErr&apos; static/final/abstract/empty, or adding allowed annotation for the method." source="com.puppycrawl.tools.checkstyle.checks.design.DesignForExtensionCheck"/>
<error line="21" column="5" severity="warning" message="Missing a Javadoc comment." source="com.puppycrawl.tools.checkstyle.checks.javadoc.MissingJavadocMethodCheck"/>
<error line="25" column="5" severity="warning" message="Class &apos;TestSuite&apos; looks like designed for extension (can be subclassed), but the method &apos;getTime&apos; does not have javadoc that explains how to do that safely. If class is not designed for extension consider making the class &apos;TestSuite&apos; final or making the method &apos;getTime&apos; static/final/abstract/empty, or adding allowed annotation for the method." source="com.puppycrawl.tools.checkstyle.checks.design.DesignForExtensionCheck"/>
<error line="25" column="5" severity="warning" message="Missing a Javadoc comment." source="com.puppycrawl.tools.checkstyle.checks.javadoc.MissingJavadocMethodCheck"/>
</file>
<file name="/home/runner/work/code-grader/code-grader/src/main/java/edu/odu/cs/zeil/codegrader/TestSuitePropertiesBase.java">
<error line="32" column="35" severity="warning" message="Variable &apos;test&apos; must be private and have accessor methods." source="com.puppycrawl.tools.checkstyle.checks.design.VisibilityModifierCheck"/>
<error line="37" column="19" severity="warning" message="Variable &apos;build&apos; must be private and have accessor methods." source="com.puppycrawl.tools.checkstyle.checks.design.VisibilityModifierCheck"/>
</file>
<file name="/home/runner/work/code-grader/code-grader/src/main/java/edu/odu/cs/zeil/codegrader/oracle/ExternalOracle.java">
<error line="5" severity="warning" message="First sentence should end with a period." source="com.puppycrawl.tools.checkstyle.checks.javadoc.JavadocStyleCheck"/>
<error line="13" column="5" severity="warning" message="Missing a Javadoc comment." source="com.puppycrawl.tools.checkstyle.checks.javadoc.MissingJavadocMethodCheck"/>
<error line="28" column="33" severity="warning" message="&apos;100&apos; is a magic number." source="com.puppycrawl.tools.checkstyle.checks.coding.MagicNumberCheck"/>
</file>
<file name="/home/runner/work/code-grader/code-grader/src/main/java/edu/odu/cs/zeil/codegrader/oracle/NumberToken.java">
<error line="67" column="22" severity="warning" message="&apos;10.0&apos; is a magic number." source="com.puppycrawl.tools.checkstyle.checks.coding.MagicNumberCheck"/>
</file>
<file name="/home/runner/work/code-grader/code-grader/src/main/java/edu/odu/cs/zeil/codegrader/oracle/Oracle.java">
</file>
<file name="/home/runner/work/code-grader/code-grader/src/main/java/edu/odu/cs/zeil/codegrader/oracle/OracleFactory.java">
</file>
<file name="/home/runner/work/code-grader/code-grader/src/main/java/edu/odu/cs/zeil/codegrader/oracle/OracleResult.java">
<error line="7" column="16" severity="warning" message="Variable &apos;score&apos; must be private and have accessor methods." source="com.puppycrawl.tools.checkstyle.checks.design.VisibilityModifierCheck"/>
<error line="8" column="19" severity="warning" message="Variable &apos;message&apos; must be private and have accessor methods." source="com.puppycrawl.tools.checkstyle.checks.design.VisibilityModifierCheck"/>
<error line="10" column="5" severity="warning" message="Missing a Javadoc comment." source="com.puppycrawl.tools.checkstyle.checks.javadoc.MissingJavadocMethodCheck"/>
<error line="10" column="25" severity="warning" message="&apos;(&apos; is preceded with whitespace." source="com.puppycrawl.tools.checkstyle.checks.whitespace.MethodParamPadCheck"/>
<error line="15" column="5" severity="warning" message="Class &apos;OracleResult&apos; looks like designed for extension (can be subclassed), but the method &apos;toString&apos; does not have javadoc that explains how to do that safely. If class is not designed for extension consider making the class &apos;OracleResult&apos; final or making the method &apos;toString&apos; static/final/abstract/empty, or adding allowed annotation for the method." source="com.puppycrawl.tools.checkstyle.checks.design.DesignForExtensionCheck"/>
<error line="15" column="5" severity="warning" message="Missing a Javadoc comment." source="com.puppycrawl.tools.checkstyle.checks.javadoc.MissingJavadocMethodCheck"/>
</file>
<file name="/home/runner/work/code-grader/code-grader/src/main/java/edu/odu/cs/zeil/codegrader/oracle/PunctuationToken.java">
</file>
<file name="/home/runner/work/code-grader/code-grader/src/main/java/edu/odu/cs/zeil/codegrader/oracle/Scanner.java">
</file>
<file name="/home/runner/work/code-grader/code-grader/src/main/java/edu/odu/cs/zeil/codegrader/oracle/SmartOracle.java">
<error line="16" column="34" severity="warning" message="Name &apos;windowsLineEndings&apos; must match pattern &apos;^[A-Z][A-Z0-9]*(_[A-Z0-9]+)*$&apos;." source="com.puppycrawl.tools.checkstyle.checks.naming.ConstantNameCheck"/>
<error line="17" column="34" severity="warning" message="Name &apos;multiLF&apos; must match pattern &apos;^[A-Z][A-Z0-9]*(_[A-Z0-9]+)*$&apos;." source="com.puppycrawl.tools.checkstyle.checks.naming.ConstantNameCheck"/>
<error line="18" column="34" severity="warning" message="Name &apos;multiWS&apos; must match pattern &apos;^[A-Z][A-Z0-9]*(_[A-Z0-9]+)*$&apos;." source="com.puppycrawl.tools.checkstyle.checks.naming.ConstantNameCheck"/>
<error line="19" column="34" severity="warning" message="Name &apos;multiWsLF&apos; must match pattern &apos;^[A-Z][A-Z0-9]*(_[A-Z0-9]+)*$&apos;." source="com.puppycrawl.tools.checkstyle.checks.naming.ConstantNameCheck"/>
<error line="21" column="5" severity="warning" message="Missing a Javadoc comment." source="com.puppycrawl.tools.checkstyle.checks.javadoc.MissingJavadocMethodCheck"/>
<error line="61" severity="warning" message="Line is longer than 80 characters (found 94)." source="com.puppycrawl.tools.checkstyle.checks.sizes.LineLengthCheck"/>
<error line="65" severity="warning" message="Line is longer than 80 characters (found 86)." source="com.puppycrawl.tools.checkstyle.checks.sizes.LineLengthCheck"/>
<error line="65" column="21" severity="warning" message="&apos;if&apos; construct must use &apos;{}&apos;s." source="com.puppycrawl.tools.checkstyle.checks.blocks.NeedBracesCheck"/>
<error line="68" severity="warning" message="Line is longer than 80 characters (found 83)." source="com.puppycrawl.tools.checkstyle.checks.sizes.LineLengthCheck"/>
<error line="68" column="18" severity="warning" message="&apos;if&apos; construct must use &apos;{}&apos;s." source="com.puppycrawl.tools.checkstyle.checks.blocks.NeedBracesCheck"/>
<error line="78" severity="warning" message="Line is longer than 80 characters (found 90)." source="com.puppycrawl.tools.checkstyle.checks.sizes.LineLengthCheck"/>
<error line="78" column="25" severity="warning" message="&apos;if&apos; construct must use &apos;{}&apos;s." source="com.puppycrawl.tools.checkstyle.checks.blocks.NeedBracesCheck"/>
<error line="89" severity="warning" message="Line is longer than 80 characters (found 88)." source="com.puppycrawl.tools.checkstyle.checks.sizes.LineLengthCheck"/>
<error line="89" column="25" severity="warning" message="&apos;if&apos; construct must use &apos;{}&apos;s." source="com.puppycrawl.tools.checkstyle.checks.blocks.NeedBracesCheck"/>
<error line="94" column="13" severity="warning" message="&apos;if&apos; construct must use &apos;{}&apos;s." source="com.puppycrawl.tools.checkstyle.checks.blocks.NeedBracesCheck"/>
<error line="111" column="66" severity="warning" message="&apos;:&apos; is not preceded with whitespace." source="com.puppycrawl.tools.checkstyle.checks.whitespace.WhitespaceAroundCheck"/>
<error line="113" column="36" severity="warning" message="&apos;typecast&apos; is not followed by whitespace." source="com.puppycrawl.tools.checkstyle.checks.whitespace.WhitespaceAfterCheck"/>
<error line="113" column="61" severity="warning" message="&apos;typecast&apos; is not followed by whitespace." source="com.puppycrawl.tools.checkstyle.checks.whitespace.WhitespaceAfterCheck"/>
<error line="114" column="29" severity="warning" message="&apos;typecast&apos; is not followed by whitespace." source="com.puppycrawl.tools.checkstyle.checks.whitespace.WhitespaceAfterCheck"/>
<error line="115" column="30" severity="warning" message="&apos;typecast&apos; is not followed by whitespace." source="com.puppycrawl.tools.checkstyle.checks.whitespace.WhitespaceAfterCheck"/>
<error line="115" column="40" severity="warning" message="&apos;0.5&apos; is a magic number." source="com.puppycrawl.tools.checkstyle.checks.coding.MagicNumberCheck"/>
<error line="118" column="36" severity="warning" message="&apos;typecast&apos; is not followed by whitespace." source="com.puppycrawl.tools.checkstyle.checks.whitespace.WhitespaceAfterCheck"/>
<error line="118" column="62" severity="warning" message="&apos;typecast&apos; is not followed by whitespace." source="com.puppycrawl.tools.checkstyle.checks.whitespace.WhitespaceAfterCheck"/>
<error line="119" column="29" severity="warning" message="&apos;typecast&apos; is not followed by whitespace." source="com.puppycrawl.tools.checkstyle.checks.whitespace.WhitespaceAfterCheck"/>
<error line="120" column="30" severity="warning" message="&apos;typecast&apos; is not followed by whitespace." source="com.puppycrawl.tools.checkstyle.checks.whitespace.WhitespaceAfterCheck"/>
<error line="120" column="40" severity="warning" message="&apos;0.5&apos; is a magic number." source="com.puppycrawl.tools.checkstyle.checks.coding.MagicNumberCheck"/>
<error line="135" column="21" severity="warning" message="&apos;if&apos; construct must use &apos;{}&apos;s." source="com.puppycrawl.tools.checkstyle.checks.blocks.NeedBracesCheck"/>
</file>
<file name="/home/runner/work/code-grader/code-grader/src/main/java/edu/odu/cs/zeil/codegrader/oracle/StringToken.java">
</file>
<file name="/home/runner/work/code-grader/code-grader/src/main/java/edu/odu/cs/zeil/codegrader/oracle/Token.java">
</file>
<file name="/home/runner/work/code-grader/code-grader/src/main/java/edu/odu/cs/zeil/codegrader/oracle/WhiteSpaceToken.java">
<error line="23" column="53" severity="warning" message="&apos;typecast&apos; is not followed by whitespace." source="com.puppycrawl.tools.checkstyle.checks.whitespace.WhitespaceAfterCheck"/>
</file>
</checkstyle>
